{"message": "start", "step": "load_dataset", "ts": "2026-04-14T00:41:09.799860+00:00"}
{"message": "end", "runtime_sec": 2.171, "step": "load_dataset", "ts": "2026-04-14T00:41:11.971231+00:00"}
{"message": "start", "step": "load_model", "ts": "2026-04-14T00:41:11.971325+00:00"}
{"message": "end", "runtime_sec": 4.846, "step": "load_model", "ts": "2026-04-14T00:41:16.817284+00:00"}
{"message": "start", "step": "generate_sample_0001", "ts": "2026-04-14T00:41:16.818097+00:00"}
{"message": "end", "runtime_sec": 20.377, "step": "generate_sample_0001", "ts": "2026-04-14T00:41:37.195500+00:00"}
{"message": "start", "step": "hidden_sample_0001", "ts": "2026-04-14T00:41:37.195700+00:00"}
{"message": "end", "runtime_sec": 0.462, "step": "hidden_sample_0001", "ts": "2026-04-14T00:41:37.657930+00:00"}
{"message": "start", "step": "generate_sample_0002", "ts": "2026-04-14T00:41:39.859394+00:00"}
{"message": "end", "runtime_sec": 22.21, "step": "generate_sample_0002", "ts": "2026-04-14T00:42:02.069107+00:00"}
{"message": "start", "step": "hidden_sample_0002", "ts": "2026-04-14T00:42:02.069456+00:00"}
{"message": "end", "runtime_sec": 1.114, "step": "hidden_sample_0002", "ts": "2026-04-14T00:42:03.183323+00:00"}
{"message": "start", "step": "generate_sample_0003", "ts": "2026-04-14T00:42:08.547465+00:00"}
{"message": "end", "runtime_sec": 36.49, "step": "generate_sample_0003", "ts": "2026-04-14T00:42:45.037357+00:00"}
{"message": "start", "step": "hidden_sample_0003", "ts": "2026-04-14T00:42:45.037594+00:00"}
{"message": "end", "runtime_sec": 0.558, "step": "hidden_sample_0003", "ts": "2026-04-14T00:42:45.595545+00:00"}
{"message": "start", "step": "generate_sample_0004", "ts": "2026-04-14T00:42:49.338734+00:00"}
{"message": "end", "runtime_sec": 15.891, "step": "generate_sample_0004", "ts": "2026-04-14T00:43:05.230099+00:00"}
{"message": "start", "step": "hidden_sample_0004", "ts": "2026-04-14T00:43:05.230331+00:00"}
{"message": "end", "runtime_sec": 0.405, "step": "hidden_sample_0004", "ts": "2026-04-14T00:43:05.635153+00:00"}
{"message": "start", "step": "generate_sample_0005", "ts": "2026-04-14T00:43:07.731485+00:00"}
{"message": "end", "runtime_sec": 35.162, "step": "generate_sample_0005", "ts": "2026-04-14T00:43:42.893777+00:00"}
{"message": "start", "step": "hidden_sample_0005", "ts": "2026-04-14T00:43:42.893995+00:00"}
{"message": "end", "runtime_sec": 0.571, "step": "hidden_sample_0005", "ts": "2026-04-14T00:43:43.465194+00:00"}
{"message": "start", "step": "generate_sample_0006", "ts": "2026-04-14T00:43:47.460943+00:00"}
{"message": "end", "runtime_sec": 23.364, "step": "generate_sample_0006", "ts": "2026-04-14T00:44:10.825287+00:00"}
{"message": "start", "step": "hidden_sample_0006", "ts": "2026-04-14T00:44:10.825497+00:00"}
{"message": "end", "runtime_sec": 0.466, "step": "hidden_sample_0006", "ts": "2026-04-14T00:44:11.291863+00:00"}
{"message": "start", "step": "generate_sample_0007", "ts": "2026-04-14T00:44:13.557079+00:00"}
{"message": "end", "runtime_sec": 21.825, "step": "generate_sample_0007", "ts": "2026-04-14T00:44:35.382509+00:00"}
{"message": "start", "step": "hidden_sample_0007", "ts": "2026-04-14T00:44:35.382868+00:00"}
{"message": "end", "runtime_sec": 0.425, "step": "hidden_sample_0007", "ts": "2026-04-14T00:44:35.807929+00:00"}
{"message": "start", "step": "generate_sample_0008", "ts": "2026-04-14T00:44:37.109985+00:00"}
{"message": "end", "runtime_sec": 38.045, "step": "generate_sample_0008", "ts": "2026-04-14T00:45:15.154536+00:00"}
{"message": "start", "step": "hidden_sample_0008", "ts": "2026-04-14T00:45:15.154844+00:00"}
{"message": "end", "runtime_sec": 0.562, "step": "hidden_sample_0008", "ts": "2026-04-14T00:45:15.716643+00:00"}
{"message": "start", "step": "generate_sample_0009", "ts": "2026-04-14T00:45:19.217421+00:00"}
{"message": "end", "runtime_sec": 48.096, "step": "generate_sample_0009", "ts": "2026-04-14T00:46:07.313048+00:00"}
{"message": "start", "step": "hidden_sample_0009", "ts": "2026-04-14T00:46:07.313266+00:00"}
{"message": "end", "runtime_sec": 0.652, "step": "hidden_sample_0009", "ts": "2026-04-14T00:46:07.965672+00:00"}
{"message": "start", "step": "generate_sample_0010", "ts": "2026-04-14T00:46:08.498314+00:00"}
{"message": "end", "runtime_sec": 30.006, "step": "generate_sample_0010", "ts": "2026-04-14T00:46:38.504667+00:00"}
{"message": "start", "step": "hidden_sample_0010", "ts": "2026-04-14T00:46:38.504845+00:00"}
{"message": "end", "runtime_sec": 0.494, "step": "hidden_sample_0010", "ts": "2026-04-14T00:46:38.998914+00:00"}
