{"message": "start", "step": "load_dataset", "ts": "2026-04-14T02:01:24.950678+00:00"}
{"message": "end", "runtime_sec": 1.997, "step": "load_dataset", "ts": "2026-04-14T02:01:26.947741+00:00"}
{"message": "start", "step": "load_model", "ts": "2026-04-14T02:01:26.947833+00:00"}
{"message": "end", "runtime_sec": 4.56, "step": "load_model", "ts": "2026-04-14T02:01:31.507758+00:00"}
{"message": "start", "step": "generate_q_0001_sample_00", "ts": "2026-04-14T02:01:31.509015+00:00"}
{"message": "end", "runtime_sec": 20.881, "step": "generate_q_0001_sample_00", "ts": "2026-04-14T02:01:52.390417+00:00"}
{"message": "start", "step": "hidden_q_0001_sample_00", "ts": "2026-04-14T02:01:52.390689+00:00"}
{"message": "end", "runtime_sec": 0.443, "step": "hidden_q_0001_sample_00", "ts": "2026-04-14T02:01:52.833875+00:00"}
{"message": "start", "step": "generate_q_0001_sample_01", "ts": "2026-04-14T02:01:52.836143+00:00"}
{"message": "end", "runtime_sec": 26.619, "step": "generate_q_0001_sample_01", "ts": "2026-04-14T02:02:19.454778+00:00"}
{"message": "start", "step": "hidden_q_0001_sample_01", "ts": "2026-04-14T02:02:19.455061+00:00"}
{"message": "end", "runtime_sec": 0.446, "step": "hidden_q_0001_sample_01", "ts": "2026-04-14T02:02:19.900668+00:00"}
{"message": "start", "step": "generate_q_0002_sample_00", "ts": "2026-04-14T02:02:19.903520+00:00"}
{"message": "end", "runtime_sec": 13.915, "step": "generate_q_0002_sample_00", "ts": "2026-04-14T02:02:33.818924+00:00"}
{"message": "start", "step": "hidden_q_0002_sample_00", "ts": "2026-04-14T02:02:33.819183+00:00"}
{"message": "end", "runtime_sec": 0.353, "step": "hidden_q_0002_sample_00", "ts": "2026-04-14T02:02:34.171846+00:00"}
{"message": "start", "step": "generate_q_0002_sample_01", "ts": "2026-04-14T02:02:34.173789+00:00"}
{"message": "end", "runtime_sec": 17.12, "step": "generate_q_0002_sample_01", "ts": "2026-04-14T02:02:51.293995+00:00"}
{"message": "start", "step": "hidden_q_0002_sample_01", "ts": "2026-04-14T02:02:51.294246+00:00"}
{"message": "end", "runtime_sec": 0.406, "step": "hidden_q_0002_sample_01", "ts": "2026-04-14T02:02:51.700262+00:00"}
